<?xml version="1.0" encoding="utf-8"?><testsuites name="pytest tests"><testsuite name="pytest" errors="0" failures="0" skipped="0" tests="9" time="2.971" timestamp="2026-03-21T18:18:50.234034+00:00" hostname="agent-env-98f4697b-6b72-4aaf-856d-b80d406bfbe9"><testcase classname="backend.tests.test_activity_extras.TestActivityExtrasBackend" name="test_01_create_activity_with_extras" time="0.420" /><testcase classname="backend.tests.test_activity_extras.TestActivityExtrasBackend" name="test_02_get_activity_returns_extras" time="0.399" /><testcase classname="backend.tests.test_activity_extras.TestActivityExtrasBackend" name="test_03_get_activities_list_includes_extras" time="0.403" /><testcase classname="backend.tests.test_activity_extras.TestActivityExtrasBackend" name="test_04_update_activity_extras" time="0.406" /><testcase classname="backend.tests.test_activity_extras.TestActivityExtrasBackend" name="test_05_activity_without_extras" time="0.310" /><testcase classname="backend.tests.test_activity_extras.TestActivityExtrasBackend" name="test_06_extras_with_vehicle_pricing" time="0.382" /><testcase classname="backend.tests.test_activity_extras.TestExistingActivityExtras" name="test_get_existing_activities_for_extras" time="0.096" /><testcase classname="backend.tests.test_activity_extras.TestActivityExtrasSchema" name="test_extra_with_minimal_fields" time="0.211" /><testcase classname="backend.tests.test_activity_extras.TestActivityExtrasSchema" name="test_extra_with_all_fields" time="0.217" /></testsuite></testsuites>