<?xml version="1.0" encoding="utf-8"?><testsuites name="pytest tests"><testsuite name="pytest" errors="0" failures="0" skipped="0" tests="9" time="1.330" timestamp="2026-03-03T17:42:29.404017+00:00" hostname="agent-env-bd420101-5c34-4b8b-8e92-ec8c05324c33"><testcase classname="tests.test_activities_management.TestActivitiesAPI" name="test_get_all_activities" time="0.208" /><testcase classname="tests.test_activities_management.TestActivitiesAPI" name="test_create_activity_with_all_fields" time="0.403" /><testcase classname="tests.test_activities_management.TestActivitiesAPI" name="test_get_activity_by_id_with_all_fields" time="0.061" /><testcase classname="tests.test_activities_management.TestActivitiesAPI" name="test_update_activity_fields" time="0.135" /><testcase classname="tests.test_activities_management.TestActivitiesAPI" name="test_activity_filter_by_city" time="0.054" /><testcase classname="tests.test_activities_management.TestActivitiesAPI" name="test_activity_filter_by_category" time="0.056" /><testcase classname="tests.test_activities_management.TestActivitiesAPI" name="test_activity_image_upload_endpoint_exists" time="0.057" /><testcase classname="tests.test_activities_management.TestActivitiesAPI" name="test_delete_activity" time="0.129" /><testcase classname="tests.test_activities_management.TestActivitiesAPI" name="test_existing_activities_have_new_fields" time="0.052" /></testsuite></testsuites>