<?xml version="1.0" encoding="utf-8"?><testsuites name="pytest tests"><testsuite name="pytest" errors="0" failures="0" skipped="0" tests="20" time="2.780" timestamp="2026-03-01T12:48:22.280745+00:00" hostname="agent-env-f15722db-9c89-4824-8f54-7a2aea47c42a"><testcase classname="backend.tests.test_airports.TestAirportSeeding" name="test_airport_count_is_452" time="0.200" /><testcase classname="backend.tests.test_airports.TestAirportPagination" name="test_default_pagination" time="0.109" /><testcase classname="backend.tests.test_airports.TestAirportPagination" name="test_pagination_page_2" time="0.106" /><testcase classname="backend.tests.test_airports.TestAirportPagination" name="test_pagination_last_page" time="0.271" /><testcase classname="backend.tests.test_airports.TestAirportPagination" name="test_pagination_total_pages" time="0.096" /><testcase classname="backend.tests.test_airports.TestAirportPagination" name="test_custom_limit" time="0.098" /><testcase classname="backend.tests.test_airports.TestAirportSearch" name="test_search_by_city_dubai" time="0.103" /><testcase classname="backend.tests.test_airports.TestAirportSearch" name="test_search_by_code_dxb" time="0.098" /><testcase classname="backend.tests.test_airports.TestAirportSearch" name="test_search_by_country" time="0.098" /><testcase classname="backend.tests.test_airports.TestAirportSearch" name="test_search_case_insensitive" time="0.211" /><testcase classname="backend.tests.test_airports.TestAirportSearch" name="test_search_no_results" time="0.095" /><testcase classname="backend.tests.test_airports.TestAirportSearch" name="test_search_with_pagination" time="0.124" /><testcase classname="backend.tests.test_airports.TestTrailingSlash" name="test_airports_no_trailing_slash" time="0.107" /><testcase classname="backend.tests.test_airports.TestTrailingSlash" name="test_health_no_trailing_slash" time="0.109" /><testcase classname="backend.tests.test_airports.TestTrailingSlash" name="test_cities_no_trailing_slash" time="0.095" /><testcase classname="backend.tests.test_airports.TestTrailingSlash" name="test_hotels_no_trailing_slash" time="0.096" /><testcase classname="backend.tests.test_airports.TestTrailingSlash" name="test_proposals_no_trailing_slash" time="0.107" /><testcase classname="backend.tests.test_airports.TestAuthLogin" name="test_login_success" time="0.317" /><testcase classname="backend.tests.test_airports.TestAuthLogin" name="test_login_invalid_credentials" time="0.134" /><testcase classname="backend.tests.test_airports.TestAdminStats" name="test_admin_stats_endpoint" time="0.100" /></testsuite></testsuites>