<?xml version="1.0" encoding="utf-8"?><testsuites name="pytest tests"><testsuite name="pytest" errors="0" failures="0" skipped="0" tests="25" time="34.268" timestamp="2026-03-15T12:53:44.226885+00:00" hostname="agent-env-5f6a8aaa-0068-4f19-8a8e-6a699de8c061"><testcase classname="backend.tests.test_ai_itinerary_and_refactor.TestAuthEndpointsRegression" name="test_login_success" time="0.511" /><testcase classname="backend.tests.test_ai_itinerary_and_refactor.TestAuthEndpointsRegression" name="test_login_invalid_credentials" time="0.142" /><testcase classname="backend.tests.test_ai_itinerary_and_refactor.TestAuthEndpointsRegression" name="test_signup_duplicate_email" time="0.110" /><testcase classname="backend.tests.test_ai_itinerary_and_refactor.TestAuthEndpointsRegression" name="test_me_endpoint" time="0.429" /><testcase classname="backend.tests.test_ai_itinerary_and_refactor.TestAIItineraryGenerator" name="test_ai_itinerary_basic" time="7.398" /><testcase classname="backend.tests.test_ai_itinerary_and_refactor.TestAIItineraryGenerator" name="test_ai_itinerary_multi_city" time="10.399" /><testcase classname="backend.tests.test_ai_itinerary_and_refactor.TestAIItineraryGenerator" name="test_ai_itinerary_optional_interests" time="6.400" /><testcase classname="backend.tests.test_ai_itinerary_and_refactor.TestAIItineraryGenerator" name="test_ai_itinerary_response_structure" time="6.586" /><testcase classname="backend.tests.test_ai_itinerary_and_refactor.TestHotelsCRUDRegression" name="test_get_hotels_list" time="0.176" /><testcase classname="backend.tests.test_ai_itinerary_and_refactor.TestHotelsCRUDRegression" name="test_get_hotels_by_city" time="0.108" /><testcase classname="backend.tests.test_ai_itinerary_and_refactor.TestHotelsCRUDRegression" name="test_create_hotel" time="0.151" /><testcase classname="backend.tests.test_ai_itinerary_and_refactor.TestHotelsCRUDRegression" name="test_get_hotel_by_id" time="0.164" /><testcase classname="backend.tests.test_ai_itinerary_and_refactor.TestInsuranceSettingsRegression" name="test_get_insurance_settings" time="0.106" /><testcase classname="backend.tests.test_ai_itinerary_and_refactor.TestInsuranceSettingsRegression" name="test_get_insurance_by_country" time="0.099" /><testcase classname="backend.tests.test_ai_itinerary_and_refactor.TestInsuranceSettingsRegression" name="test_create_insurance_price" time="0.216" /><testcase classname="backend.tests.test_ai_itinerary_and_refactor.TestProposalsCRUDRegression" name="test_get_proposals_list" time="0.108" /><testcase classname="backend.tests.test_ai_itinerary_and_refactor.TestProposalsCRUDRegression" name="test_create_proposal" time="0.176" /><testcase classname="backend.tests.test_ai_itinerary_and_refactor.TestActivitiesCRUDRegression" name="test_get_activities_list" time="0.105" /><testcase classname="backend.tests.test_ai_itinerary_and_refactor.TestActivitiesCRUDRegression" name="test_get_activities_by_city" time="0.110" /><testcase classname="backend.tests.test_ai_itinerary_and_refactor.TestTransfersCRUDRegression" name="test_get_transfers_list" time="0.100" /><testcase classname="backend.tests.test_ai_itinerary_and_refactor.TestTransfersCRUDRegression" name="test_get_transfers_by_city" time="0.104" /><testcase classname="backend.tests.test_ai_itinerary_and_refactor.TestCitiesCRUDRegression" name="test_get_cities_list" time="0.102" /><testcase classname="backend.tests.test_ai_itinerary_and_refactor.TestCitiesCRUDRegression" name="test_get_cities_by_search" time="0.113" /><testcase classname="backend.tests.test_ai_itinerary_and_refactor.TestAirportsCRUDRegression" name="test_get_airports_list" time="0.111" /><testcase classname="backend.tests.test_ai_itinerary_and_refactor.TestAirportsCRUDRegression" name="test_get_airports_paginated" time="0.105" /></testsuite></testsuites>