<?xml version="1.0" encoding="utf-8"?><testsuites name="pytest tests"><testsuite name="pytest" errors="0" failures="0" skipped="1" tests="13" time="7.212" timestamp="2026-04-09T12:14:23.712352+00:00" hostname="agent-env-d2fc2e31-ddec-4192-a8c1-0a70a57fc0b1"><testcase classname="backend.tests.test_booking_status_tracker.TestBookingStatusAdvancement" name="test_admin_login_success" time="0.469" /><testcase classname="backend.tests.test_booking_status_tracker.TestBookingStatusAdvancement" name="test_agent_login_success" time="0.431" /><testcase classname="backend.tests.test_booking_status_tracker.TestBookingStatusAdvancement" name="test_admin_can_get_all_bookings" time="0.456" /><testcase classname="backend.tests.test_booking_status_tracker.TestBookingStatusAdvancement" name="test_agent_cannot_get_all_bookings" time="0.422" /><testcase classname="backend.tests.test_booking_status_tracker.TestBookingStatusAdvancement" name="test_admin_can_advance_booking_status" time="0.569" /><testcase classname="backend.tests.test_booking_status_tracker.TestBookingStatusAdvancement" name="test_agent_cannot_advance_booking_status" time="0.867" /><testcase classname="backend.tests.test_booking_status_tracker.TestBookingStatusAdvancement" name="test_advance_ticketed_booking_returns_400" time="0.429"><skipped type="pytest.skip" message="No ticketed bookings to test">/app/backend/tests/test_booking_status_tracker.py:168: No ticketed bookings to test</skipped></testcase><testcase classname="backend.tests.test_booking_status_tracker.TestNotifications" name="test_get_notifications" time="0.428" /><testcase classname="backend.tests.test_booking_status_tracker.TestNotifications" name="test_get_unread_count" time="0.487" /><testcase classname="backend.tests.test_booking_status_tracker.TestNotifications" name="test_mark_all_read" time="0.502" /><testcase classname="backend.tests.test_booking_status_tracker.TestBookingDetailWithStatusHistory" name="test_booking_detail_contains_status_history" time="0.548" /><testcase classname="backend.tests.test_booking_status_tracker.TestBookingDetailWithStatusHistory" name="test_booking_has_correct_status_labels" time="0.412" /><testcase classname="backend.tests.test_booking_status_tracker.TestNotificationCreationOnStatusChange" name="test_notification_created_on_status_advance" time="1.005" /></testsuite></testsuites>