<?xml version="1.0" encoding="utf-8"?><testsuites name="pytest tests"><testsuite name="pytest" errors="0" failures="0" skipped="0" tests="11" time="2.291" timestamp="2026-03-29T23:09:28.058825+00:00" hostname="agent-env-d2fc2e31-ddec-4192-a8c1-0a70a57fc0b1"><testcase classname="backend.tests.test_booking_confirmation.TestBookingsAPI" name="test_health_check" time="0.127" /><testcase classname="backend.tests.test_booking_confirmation.TestBookingsAPI" name="test_create_booking_success" time="0.572" /><testcase classname="backend.tests.test_booking_confirmation.TestBookingsAPI" name="test_create_booking_invalid_proposal" time="0.106" /><testcase classname="backend.tests.test_booking_confirmation.TestBookingsAPI" name="test_create_booking_unauthorized" time="0.117" /><testcase classname="backend.tests.test_booking_confirmation.TestBookingsAPI" name="test_list_bookings" time="0.113" /><testcase classname="backend.tests.test_booking_confirmation.TestBookingsAPI" name="test_get_booking_by_id" time="0.209" /><testcase classname="backend.tests.test_booking_confirmation.TestBookingsAPI" name="test_get_booking_not_found" time="0.121" /><testcase classname="backend.tests.test_booking_confirmation.TestBookingDataValidation" name="test_booking_with_all_traveler_fields" time="0.102" /><testcase classname="backend.tests.test_booking_confirmation.TestBookingDataValidation" name="test_booking_with_multiple_rooms" time="0.101" /><testcase classname="backend.tests.test_booking_confirmation.TestBookingDataValidation" name="test_booking_special_occasions" time="0.422" /><testcase classname="backend.tests.test_booking_confirmation.TestBookingDataValidation" name="test_booking_payment_options" time="0.236" /></testsuite></testsuites>