<?xml version="1.0" encoding="utf-8"?><testsuites name="pytest tests"><testsuite name="pytest" errors="0" failures="0" skipped="0" tests="7" time="3.790" timestamp="2026-04-04T14:26:04.131907+00:00" hostname="agent-env-d2fc2e31-ddec-4192-a8c1-0a70a57fc0b1"><testcase classname="backend.tests.test_booking_detail.TestAuth" name="test_agent_login" time="0.452" /><testcase classname="backend.tests.test_booking_detail.TestHeldBookings" name="test_get_held_bookings_list" time="0.425" /><testcase classname="backend.tests.test_booking_detail.TestHeldBookings" name="test_get_held_booking_detail" time="0.649" /><testcase classname="backend.tests.test_booking_detail.TestHeldBookings" name="test_get_held_booking_not_found" time="0.427" /><testcase classname="backend.tests.test_booking_detail.TestTravelerUpdate" name="test_update_travelers_success" time="0.651" /><testcase classname="backend.tests.test_booking_detail.TestTravelerUpdate" name="test_update_travelers_not_found" time="0.542" /><testcase classname="backend.tests.test_booking_detail.TestBookingDataStructure" name="test_booking_has_required_fields_for_ui" time="0.544" /></testsuite></testsuites>