<?xml version="1.0" encoding="utf-8"?><testsuites name="pytest tests"><testsuite name="pytest" errors="0" failures="0" skipped="0" tests="28" time="4.724" timestamp="2026-03-01T13:38:23.832640+00:00" hostname="agent-env-f15722db-9c89-4824-8f54-7a2aea47c42a"><testcase classname="backend.tests.test_crud_admin.TestCityCRUD" name="test_get_cities" time="0.121" /><testcase classname="backend.tests.test_crud_admin.TestCityCRUD" name="test_create_city" time="0.112" /><testcase classname="backend.tests.test_crud_admin.TestCityCRUD" name="test_verify_city_created" time="0.108" /><testcase classname="backend.tests.test_crud_admin.TestCityCRUD" name="test_update_city" time="0.247" /><testcase classname="backend.tests.test_crud_admin.TestCityCRUD" name="test_update_nonexistent_city" time="0.100" /><testcase classname="backend.tests.test_crud_admin.TestCityCRUD" name="test_delete_city" time="0.209" /><testcase classname="backend.tests.test_crud_admin.TestCityCRUD" name="test_delete_nonexistent_city" time="0.105" /><testcase classname="backend.tests.test_crud_admin.TestHotelCRUD" name="test_get_hotels" time="0.191" /><testcase classname="backend.tests.test_crud_admin.TestHotelCRUD" name="test_create_hotel" time="0.104" /><testcase classname="backend.tests.test_crud_admin.TestHotelCRUD" name="test_get_hotel_by_id" time="0.094" /><testcase classname="backend.tests.test_crud_admin.TestHotelCRUD" name="test_update_hotel" time="0.199" /><testcase classname="backend.tests.test_crud_admin.TestHotelCRUD" name="test_update_nonexistent_hotel" time="0.101" /><testcase classname="backend.tests.test_crud_admin.TestHotelCRUD" name="test_delete_hotel" time="0.205" /><testcase classname="backend.tests.test_crud_admin.TestAirportCRUD" name="test_get_airports" time="0.142" /><testcase classname="backend.tests.test_crud_admin.TestAirportCRUD" name="test_create_airport" time="0.108" /><testcase classname="backend.tests.test_crud_admin.TestAirportCRUD" name="test_search_created_airport" time="0.119" /><testcase classname="backend.tests.test_crud_admin.TestAirportCRUD" name="test_update_airport" time="0.231" /><testcase classname="backend.tests.test_crud_admin.TestAirportCRUD" name="test_update_nonexistent_airport" time="0.096" /><testcase classname="backend.tests.test_crud_admin.TestAirportCRUD" name="test_delete_airport" time="0.214" /><testcase classname="backend.tests.test_crud_admin.TestProposalCRUD" name="test_get_proposals" time="0.101" /><testcase classname="backend.tests.test_crud_admin.TestProposalCRUD" name="test_create_proposal" time="0.097" /><testcase classname="backend.tests.test_crud_admin.TestProposalCRUD" name="test_get_proposal_by_id" time="0.103" /><testcase classname="backend.tests.test_crud_admin.TestProposalCRUD" name="test_update_proposal" time="0.202" /><testcase classname="backend.tests.test_crud_admin.TestProposalCRUD" name="test_update_proposal_status" time="0.194" /><testcase classname="backend.tests.test_crud_admin.TestProposalCRUD" name="test_update_nonexistent_proposal" time="0.107" /><testcase classname="backend.tests.test_crud_admin.TestProposalCRUD" name="test_delete_proposal" time="0.533" /><testcase classname="backend.tests.test_crud_admin.TestAdminDashboardIntegration" name="test_admin_stats" time="0.104" /><testcase classname="backend.tests.test_crud_admin.TestAdminDashboardIntegration" name="test_all_endpoints_return_data" time="0.416" /></testsuite></testsuites>