<?xml version="1.0" encoding="utf-8"?><testsuites name="pytest tests"><testsuite name="pytest" errors="0" failures="2" skipped="3" tests="28" time="4.564" timestamp="2026-03-01T13:37:58.374617+00:00" hostname="agent-env-f15722db-9c89-4824-8f54-7a2aea47c42a"><testcase classname="backend.tests.test_crud_admin.TestCityCRUD" name="test_get_cities" time="0.264" /><testcase classname="backend.tests.test_crud_admin.TestCityCRUD" name="test_create_city" time="0.131"><failure message="AssertionError: Expected 200, got 422: {&quot;detail&quot;:[{&quot;type&quot;:&quot;missing&quot;,&quot;loc&quot;:[&quot;body&quot;,&quot;image&quot;],&quot;msg&quot;:&quot;Field required&quot;,&quot;input&quot;:{&quot;name&quot;:&quot;TEST_City_38dff529&quot;,&quot;country&quot;:&quot;TEST_Country&quot;},&quot;url&quot;:&quot;https://errors.pydantic.dev/2.12/v/missing&quot;}]}&#10;assert 422 == 200&#10; +  where 422 = &lt;Response [422]&gt;.status_code">backend/tests/test_crud_admin.py:56: in test_create_city
    assert response.status_code == 200, f"Expected 200, got {response.status_code}: {response.text}"
E   AssertionError: Expected 200, got 422: {"detail":[{"type":"missing","loc":["body","image"],"msg":"Field required","input":{"name":"TEST_City_38dff529","country":"TEST_Country"},"url":"https://errors.pydantic.dev/2.12/v/missing"}]}
E   assert 422 == 200
E    +  where 422 = &lt;Response [422]&gt;.status_code</failure></testcase><testcase classname="backend.tests.test_crud_admin.TestCityCRUD" name="test_verify_city_created" time="0.000"><skipped type="pytest.skip" message="No city created to verify">/app/backend/tests/test_crud_admin.py:72: No city created to verify</skipped></testcase><testcase classname="backend.tests.test_crud_admin.TestCityCRUD" name="test_update_city" time="0.000"><skipped type="pytest.skip" message="No city created to update">/app/backend/tests/test_crud_admin.py:85: No city created to update</skipped></testcase><testcase classname="backend.tests.test_crud_admin.TestCityCRUD" name="test_update_nonexistent_city" time="0.130"><failure message="AssertionError: Expected 404, got 422&#10;assert 422 == 404&#10; +  where 422 = &lt;Response [422]&gt;.status_code">backend/tests/test_crud_admin.py:114: in test_update_nonexistent_city
    assert response.status_code == 404, f"Expected 404, got {response.status_code}"
E   AssertionError: Expected 404, got 422
E   assert 422 == 404
E    +  where 422 = &lt;Response [422]&gt;.status_code</failure></testcase><testcase classname="backend.tests.test_crud_admin.TestCityCRUD" name="test_delete_city" time="0.000"><skipped type="pytest.skip" message="No city created to delete">/app/backend/tests/test_crud_admin.py:120: No city created to delete</skipped></testcase><testcase classname="backend.tests.test_crud_admin.TestCityCRUD" name="test_delete_nonexistent_city" time="0.098" /><testcase classname="backend.tests.test_crud_admin.TestHotelCRUD" name="test_get_hotels" time="0.122" /><testcase classname="backend.tests.test_crud_admin.TestHotelCRUD" name="test_create_hotel" time="0.116" /><testcase classname="backend.tests.test_crud_admin.TestHotelCRUD" name="test_get_hotel_by_id" time="0.112" /><testcase classname="backend.tests.test_crud_admin.TestHotelCRUD" name="test_update_hotel" time="0.200" /><testcase classname="backend.tests.test_crud_admin.TestHotelCRUD" name="test_update_nonexistent_hotel" time="0.121" /><testcase classname="backend.tests.test_crud_admin.TestHotelCRUD" name="test_delete_hotel" time="0.255" /><testcase classname="backend.tests.test_crud_admin.TestAirportCRUD" name="test_get_airports" time="0.143" /><testcase classname="backend.tests.test_crud_admin.TestAirportCRUD" name="test_create_airport" time="0.123" /><testcase classname="backend.tests.test_crud_admin.TestAirportCRUD" name="test_search_created_airport" time="0.111" /><testcase classname="backend.tests.test_crud_admin.TestAirportCRUD" name="test_update_airport" time="0.217" /><testcase classname="backend.tests.test_crud_admin.TestAirportCRUD" name="test_update_nonexistent_airport" time="0.096" /><testcase classname="backend.tests.test_crud_admin.TestAirportCRUD" name="test_delete_airport" time="0.217" /><testcase classname="backend.tests.test_crud_admin.TestProposalCRUD" name="test_get_proposals" time="0.104" /><testcase classname="backend.tests.test_crud_admin.TestProposalCRUD" name="test_create_proposal" time="0.105" /><testcase classname="backend.tests.test_crud_admin.TestProposalCRUD" name="test_get_proposal_by_id" time="0.103" /><testcase classname="backend.tests.test_crud_admin.TestProposalCRUD" name="test_update_proposal" time="0.210" /><testcase classname="backend.tests.test_crud_admin.TestProposalCRUD" name="test_update_proposal_status" time="0.241" /><testcase classname="backend.tests.test_crud_admin.TestProposalCRUD" name="test_update_nonexistent_proposal" time="0.100" /><testcase classname="backend.tests.test_crud_admin.TestProposalCRUD" name="test_delete_proposal" time="0.527" /><testcase classname="backend.tests.test_crud_admin.TestAdminDashboardIntegration" name="test_admin_stats" time="0.122" /><testcase classname="backend.tests.test_crud_admin.TestAdminDashboardIntegration" name="test_all_endpoints_return_data" time="0.427" /></testsuite></testsuites>