<?xml version="1.0" encoding="utf-8"?><testsuites name="pytest tests"><testsuite name="pytest" errors="0" failures="0" skipped="0" tests="11" time="3.360" timestamp="2026-04-09T16:23:45.849756+00:00" hostname="agent-env-d2fc2e31-ddec-4192-a8c1-0a70a57fc0b1"><testcase classname="backend.tests.test_currency_mobile_features.TestCurrencyAPI" name="test_currency_rates_endpoint_returns_200" time="0.314" /><testcase classname="backend.tests.test_currency_mobile_features.TestCurrencyAPI" name="test_currency_rates_returns_all_supported_currencies" time="0.110" /><testcase classname="backend.tests.test_currency_mobile_features.TestCurrencyAPI" name="test_currency_rates_aed_is_base" time="0.165" /><testcase classname="backend.tests.test_currency_mobile_features.TestCurrencyAPI" name="test_currency_rates_includes_metadata" time="0.108" /><testcase classname="backend.tests.test_currency_mobile_features.TestCurrencyAPI" name="test_currency_rates_includes_timestamp" time="0.149" /><testcase classname="backend.tests.test_currency_mobile_features.TestCurrencyAPI" name="test_currency_rates_values_are_reasonable" time="0.124" /><testcase classname="backend.tests.test_currency_mobile_features.TestAuthAndBookings" name="test_agent_login_success" time="0.350" /><testcase classname="backend.tests.test_currency_mobile_features.TestAuthAndBookings" name="test_held_bookings_returns_data" time="0.429" /><testcase classname="backend.tests.test_currency_mobile_features.TestAuthAndBookings" name="test_booking_detail_returns_price" time="0.595" /><testcase classname="backend.tests.test_currency_mobile_features.TestNotifications" name="test_notifications_endpoint" time="0.515" /><testcase classname="backend.tests.test_currency_mobile_features.TestNotifications" name="test_unread_count_endpoint" time="0.440" /></testsuite></testsuites>