<?xml version="1.0" encoding="utf-8"?><testsuites name="pytest tests"><testsuite name="pytest" errors="0" failures="0" skipped="0" tests="10" time="2.449" timestamp="2026-03-03T08:50:16.299036+00:00" hostname="agent-env-90c07095-4bd7-4f1a-ab50-1dcf29f47149"><testcase classname="tests.test_hotel_management.TestHotelCRUD" name="test_get_all_hotels" time="0.218" /><testcase classname="tests.test_hotel_management.TestHotelCRUD" name="test_get_hotel_by_id" time="0.207" /><testcase classname="tests.test_hotel_management.TestHotelCRUD" name="test_create_hotel_with_room_types" time="0.233" /><testcase classname="tests.test_hotel_management.TestHotelCRUD" name="test_update_hotel_room_types" time="0.437" /><testcase classname="tests.test_hotel_management.TestHotelCRUD" name="test_delete_hotel" time="0.310" /><testcase classname="tests.test_hotel_management.TestImageUploadEndpoints" name="test_hotel_image_upload_endpoint_exists" time="0.115" /><testcase classname="tests.test_hotel_management.TestImageUploadEndpoints" name="test_room_image_upload_endpoint_exists" time="0.203" /><testcase classname="tests.test_hotel_management.TestHotelSearch" name="test_search_hotels_by_city" time="0.103" /><testcase classname="tests.test_hotel_management.TestHotelSearch" name="test_search_hotels_by_text" time="0.114" /><testcase classname="tests.test_hotel_management.TestCleanup" name="test_cleanup_test_hotels" time="0.335" /></testsuite></testsuites>