<?xml version="1.0" encoding="utf-8"?><testsuites name="pytest tests"><testsuite name="pytest" errors="0" failures="0" skipped="0" tests="20" time="2.864" timestamp="2026-03-02T18:16:36.669980+00:00" hostname="agent-env-4e742976-d1ad-409d-803c-2c393dfd027b"><testcase classname="backend.tests.test_hotels_enhanced.TestHotelsCityFilter" name="test_get_all_hotels_returns_5_hotels" time="0.150" /><testcase classname="backend.tests.test_hotels_enhanced.TestHotelsCityFilter" name="test_filter_hotels_by_dubai_returns_3_hotels" time="0.110" /><testcase classname="backend.tests.test_hotels_enhanced.TestHotelsCityFilter" name="test_filter_hotels_by_tbilisi_returns_1_hotel" time="0.160" /><testcase classname="backend.tests.test_hotels_enhanced.TestHotelsCityFilter" name="test_filter_hotels_by_baku_returns_1_hotel" time="0.161" /><testcase classname="backend.tests.test_hotels_enhanced.TestHotelsCityFilter" name="test_filter_hotels_by_nonexistent_city_returns_empty" time="0.148" /><testcase classname="backend.tests.test_hotels_enhanced.TestHotelsCityFilter" name="test_city_filter_case_insensitive" time="0.149" /><testcase classname="backend.tests.test_hotels_enhanced.TestHotelNewFields" name="test_hotel_has_address_field" time="0.113" /><testcase classname="backend.tests.test_hotels_enhanced.TestHotelNewFields" name="test_hotel_has_check_in_out_times" time="0.121" /><testcase classname="backend.tests.test_hotels_enhanced.TestHotelNewFields" name="test_hotel_has_total_rooms" time="0.211" /><testcase classname="backend.tests.test_hotels_enhanced.TestHotelNewFields" name="test_hotel_has_board_types" time="0.130" /><testcase classname="backend.tests.test_hotels_enhanced.TestHotelNewFields" name="test_hotel_has_highlights" time="0.109" /><testcase classname="backend.tests.test_hotels_enhanced.TestHotelNewFields" name="test_hotel_has_cancellation_policy" time="0.123" /><testcase classname="backend.tests.test_hotels_enhanced.TestHotelNewFields" name="test_hotel_has_supplier_info" time="0.110" /><testcase classname="backend.tests.test_hotels_enhanced.TestHotelRooms" name="test_hotels_have_rooms_array" time="0.139" /><testcase classname="backend.tests.test_hotels_enhanced.TestHotelRooms" name="test_hotel_rooms_have_required_fields" time="0.124" /><testcase classname="backend.tests.test_hotels_enhanced.TestHotelRooms" name="test_hotel_rooms_have_pricing" time="0.150" /><testcase classname="backend.tests.test_hotels_enhanced.TestHotelRooms" name="test_hotel_rooms_have_amenities" time="0.126" /><testcase classname="backend.tests.test_hotels_enhanced.TestDubaiHotelsDetails" name="test_burj_al_arab_details" time="0.158" /><testcase classname="backend.tests.test_hotels_enhanced.TestDubaiHotelsDetails" name="test_atlantis_palm_details" time="0.121" /><testcase classname="backend.tests.test_hotels_enhanced.TestDubaiHotelsDetails" name="test_jw_marriott_marquis_details" time="0.117" /></testsuite></testsuites>