<?xml version="1.0" encoding="utf-8"?><testsuites name="pytest tests"><testsuite name="pytest" errors="0" failures="0" skipped="0" tests="14" time="6.394" timestamp="2026-03-14T12:11:15.821361+00:00" hostname="agent-env-5f6a8aaa-0068-4f19-8a8e-6a699de8c061"><testcase classname="backend.tests.test_insurance_country_pricing.TestInsuranceCountryPricing" name="test_get_all_insurance_prices_no_param" time="0.521" /><testcase classname="backend.tests.test_insurance_country_pricing.TestInsuranceCountryPricing" name="test_get_insurance_by_country_uae" time="0.413" /><testcase classname="backend.tests.test_insurance_country_pricing.TestInsuranceCountryPricing" name="test_get_insurance_by_country_georgia" time="0.386" /><testcase classname="backend.tests.test_insurance_country_pricing.TestInsuranceCountryPricing" name="test_get_insurance_fallback_to_default" time="0.401" /><testcase classname="backend.tests.test_insurance_country_pricing.TestInsuranceCountryPricing" name="test_get_insurance_default_direct" time="0.373" /><testcase classname="backend.tests.test_insurance_country_pricing.TestInsuranceCountryPricing" name="test_create_insurance_price_new_country" time="0.477" /><testcase classname="backend.tests.test_insurance_country_pricing.TestInsuranceCountryPricing" name="test_create_insurance_duplicate_country_fails" time="0.395" /><testcase classname="backend.tests.test_insurance_country_pricing.TestInsuranceCountryPricing" name="test_create_insurance_empty_country_fails" time="0.380" /><testcase classname="backend.tests.test_insurance_country_pricing.TestInsuranceCountryPricing" name="test_update_insurance_price_existing_entry" time="0.528" /><testcase classname="backend.tests.test_insurance_country_pricing.TestInsuranceCountryPricing" name="test_update_insurance_nonexistent_id_fails" time="0.401" /><testcase classname="backend.tests.test_insurance_country_pricing.TestInsuranceCountryPricing" name="test_delete_insurance_price_entry" time="0.489" /><testcase classname="backend.tests.test_insurance_country_pricing.TestInsuranceCountryPricing" name="test_delete_default_entry_fails" time="0.417" /><testcase classname="backend.tests.test_insurance_country_pricing.TestInsuranceCountryPricing" name="test_delete_nonexistent_id_fails" time="0.418" /><testcase classname="backend.tests.test_insurance_country_pricing.TestInsuranceCountryPricing" name="test_full_crud_cycle" time="0.598" /></testsuite></testsuites>