<?xml version="1.0" encoding="utf-8"?><testsuites name="pytest tests"><testsuite name="pytest" errors="0" failures="0" skipped="0" tests="9" time="1.402" timestamp="2026-03-21T12:06:21.898978+00:00" hostname="agent-env-5f6a8aaa-0068-4f19-8a8e-6a699de8c061"><testcase classname="tests.test_inter_city_transfers.TestInterCityTransferSearch" name="test_search_tbilisi_to_gudauri_returns_transfers" time="0.171" /><testcase classname="tests.test_inter_city_transfers.TestInterCityTransferSearch" name="test_search_gudauri_to_tbilisi_returns_transfers" time="0.103" /><testcase classname="tests.test_inter_city_transfers.TestInterCityTransferSearch" name="test_transfer_has_vehicle_pricing" time="0.122" /><testcase classname="tests.test_inter_city_transfers.TestInterCityTransferSearch" name="test_transfer_has_required_fields" time="0.096" /><testcase classname="tests.test_inter_city_transfers.TestInterCityTransferSearch" name="test_search_nonexistent_cities_returns_empty_or_fallback" time="0.133" /><testcase classname="tests.test_inter_city_transfers.TestTransfersEndpoint" name="test_get_transfers_by_city" time="0.103" /><testcase classname="tests.test_inter_city_transfers.TestTransfersEndpoint" name="test_get_all_transfers" time="0.099" /><testcase classname="tests.test_inter_city_transfers.TestAuthEndpoint" name="test_login_success" time="0.359" /><testcase classname="tests.test_inter_city_transfers.TestAuthEndpoint" name="test_login_invalid_credentials" time="0.112" /></testsuite></testsuites>