<?xml version="1.0" encoding="utf-8"?><testsuites name="pytest tests"><testsuite name="pytest" errors="0" failures="0" skipped="0" tests="17" time="3.587" timestamp="2026-03-21T16:51:07.806610+00:00" hostname="agent-env-98f4697b-6b72-4aaf-856d-b80d406bfbe9"><testcase classname="tests.test_modular_backend_refactor.TestRootAndHealth" name="test_root_endpoint" time="0.122" /><testcase classname="tests.test_modular_backend_refactor.TestRootAndHealth" name="test_health_check" time="0.123" /><testcase classname="tests.test_modular_backend_refactor.TestAuthentication" name="test_login_admin_success" time="0.348" /><testcase classname="tests.test_modular_backend_refactor.TestAuthentication" name="test_login_agent_success" time="0.333" /><testcase classname="tests.test_modular_backend_refactor.TestAuthentication" name="test_login_invalid_credentials" time="0.128" /><testcase classname="tests.test_modular_backend_refactor.TestHotels" name="test_get_hotels" time="0.111" /><testcase classname="tests.test_modular_backend_refactor.TestHotels" name="test_get_hotels_with_city_filter" time="0.110" /><testcase classname="tests.test_modular_backend_refactor.TestTransfers" name="test_get_transfers" time="0.161" /><testcase classname="tests.test_modular_backend_refactor.TestTransfers" name="test_inter_city_search_excludes_inter_hotel" time="0.120" /><testcase classname="tests.test_modular_backend_refactor.TestActivities" name="test_get_activities" time="0.103" /><testcase classname="tests.test_modular_backend_refactor.TestCities" name="test_get_cities" time="0.113" /><testcase classname="tests.test_modular_backend_refactor.TestAirports" name="test_get_airports_paginated" time="0.111" /><testcase classname="tests.test_modular_backend_refactor.TestSettings" name="test_get_insurance_settings" time="0.105" /><testcase classname="tests.test_modular_backend_refactor.TestTermsPolicies" name="test_get_all_terms_policies" time="0.102" /><testcase classname="tests.test_modular_backend_refactor.TestProposals" name="test_get_proposals" time="0.432" /><testcase classname="tests.test_modular_backend_refactor.TestProposals" name="test_create_proposal" time="0.545" /><testcase classname="tests.test_modular_backend_refactor.TestAdmin" name="test_get_admin_stats" time="0.436" /></testsuite></testsuites>