<?xml version="1.0" encoding="utf-8"?><testsuites name="pytest tests"><testsuite name="pytest" errors="0" failures="0" skipped="0" tests="9" time="2.444" timestamp="2026-03-12T09:34:10.345379+00:00" hostname="agent-env-34ca48f8-60e7-4a41-92a2-afeece0dc638"><testcase classname="backend.tests.test_pdf_generation.TestPDFGeneration" name="test_pdf_endpoint_returns_200_for_existing_proposal" time="0.273" /><testcase classname="backend.tests.test_pdf_generation.TestPDFGeneration" name="test_pdf_endpoint_content_type" time="0.240" /><testcase classname="backend.tests.test_pdf_generation.TestPDFGeneration" name="test_pdf_content_is_valid_pdf" time="0.249" /><testcase classname="backend.tests.test_pdf_generation.TestPDFGeneration" name="test_pdf_filename_contains_travo_dmc" time="0.286" /><testcase classname="backend.tests.test_pdf_generation.TestPDFGeneration" name="test_pdf_returns_404_for_nonexistent_proposal" time="0.099" /><testcase classname="backend.tests.test_pdf_generation.TestPDFGeneration" name="test_pdf_size_reasonable" time="0.236" /><testcase classname="backend.tests.test_pdf_generation.TestPDFGeneration" name="test_pdf_can_be_saved_and_read" time="0.240" /><testcase classname="backend.tests.test_pdf_generation.TestPDFGeneration" name="test_pdf_generation_multiple_proposals" time="0.530" /><testcase classname="backend.tests.test_pdf_generation.TestPDFEndpointSecurity" name="test_pdf_endpoint_accessible_without_auth" time="0.240" /></testsuite></testsuites>