<?xml version="1.0" encoding="utf-8"?><testsuites name="pytest tests"><testsuite name="pytest" errors="0" failures="1" skipped="0" tests="12" time="6.561" timestamp="2026-04-09T13:01:26.591610+00:00" hostname="agent-env-d2fc2e31-ddec-4192-a8c1-0a70a57fc0b1"><testcase classname="tests.test_pdf_email_features.TestAuthentication" name="test_admin_login" time="0.451" /><testcase classname="tests.test_pdf_email_features.TestAuthentication" name="test_agent_login" time="0.337" /><testcase classname="tests.test_pdf_email_features.TestPDFGeneration" name="test_pdf_generation_returns_pdf" time="0.810" /><testcase classname="tests.test_pdf_email_features.TestPDFGeneration" name="test_pdf_generation_requires_auth" time="0.139"><failure message="AssertionError: Expected 401/403 without auth, got 404&#10;assert 404 in [401, 403]&#10; +  where 404 = &lt;Response [404]&gt;.status_code">tests/test_pdf_email_features.py:99: in test_pdf_generation_requires_auth
    assert response.status_code in [401, 403], f"Expected 401/403 without auth, got {response.status_code}"
E   AssertionError: Expected 401/403 without auth, got 404
E   assert 404 in [401, 403]
E    +  where 404 = &lt;Response [404]&gt;.status_code</failure></testcase><testcase classname="tests.test_pdf_email_features.TestPDFGeneration" name="test_pdf_generation_invalid_proposal" time="0.438" /><testcase classname="tests.test_pdf_email_features.TestEmailSendProposal" name="test_send_proposal_email_success" time="1.164" /><testcase classname="tests.test_pdf_email_features.TestEmailSendProposal" name="test_send_proposal_email_requires_auth" time="0.195" /><testcase classname="tests.test_pdf_email_features.TestEmailSendProposal" name="test_send_proposal_email_invalid_proposal" time="0.497" /><testcase classname="tests.test_pdf_email_features.TestBookingStatusEmailIntegration" name="test_get_bookings_for_status_advance" time="0.486" /><testcase classname="tests.test_pdf_email_features.TestBookingStatusEmailIntegration" name="test_status_advance_triggers_email" time="1.035" /><testcase classname="tests.test_pdf_email_features.TestNotificationBellIntegration" name="test_get_notifications" time="0.479" /><testcase classname="tests.test_pdf_email_features.TestNotificationBellIntegration" name="test_get_unread_count" time="0.447" /></testsuite></testsuites>