<?xml version="1.0" encoding="utf-8"?><testsuites name="pytest tests"><testsuite name="pytest" errors="0" failures="0" skipped="0" tests="9" time="1.488" timestamp="2026-03-24T17:40:23.934655+00:00" hostname="agent-env-258e3df4-9316-444e-875c-6422748f6183"><testcase classname="backend.tests.test_proposal_versioning.TestProposalVersioning" name="test_get_versions_for_existing_proposal" time="0.206" /><testcase classname="backend.tests.test_proposal_versioning.TestProposalVersioning" name="test_save_new_version_with_note" time="0.120" /><testcase classname="backend.tests.test_proposal_versioning.TestProposalVersioning" name="test_version_number_auto_increments" time="0.122" /><testcase classname="backend.tests.test_proposal_versioning.TestProposalVersioning" name="test_save_version_without_note" time="0.129" /><testcase classname="backend.tests.test_proposal_versioning.TestProposalVersioning" name="test_restore_version_as_new_proposal" time="0.331" /><testcase classname="backend.tests.test_proposal_versioning.TestProposalVersioning" name="test_restore_nonexistent_version_returns_404" time="0.114" /><testcase classname="backend.tests.test_proposal_versioning.TestProposalVersioning" name="test_get_versions_for_nonexistent_proposal" time="0.119" /><testcase classname="backend.tests.test_proposal_versioning.TestProposalVersioning" name="test_version_snapshot_contains_full_proposal_data" time="0.114" /><testcase classname="backend.tests.test_proposal_versioning.TestProposalVersioningEdgeCases" name="test_save_version_for_nonexistent_proposal_returns_404" time="0.124" /></testsuite></testsuites>