<?xml version="1.0" encoding="utf-8"?><testsuites name="pytest tests"><testsuite name="pytest" errors="0" failures="0" skipped="0" tests="6" time="3.659" timestamp="2026-03-22T19:24:29.464692+00:00" hostname="agent-env-258e3df4-9316-444e-875c-6422748f6183"><testcase classname="backend.tests.test_proposal_extras_intercity.TestProposalExtrasAndInterCityTransfers" name="test_create_proposal_with_selected_extras" time="0.752" /><testcase classname="backend.tests.test_proposal_extras_intercity.TestProposalExtrasAndInterCityTransfers" name="test_create_proposal_with_inter_city_transfers" time="0.582" /><testcase classname="backend.tests.test_proposal_extras_intercity.TestProposalExtrasAndInterCityTransfers" name="test_get_proposal_returns_extras_and_transfers" time="0.738" /><testcase classname="backend.tests.test_proposal_extras_intercity.TestProposalExtrasAndInterCityTransfers" name="test_list_proposals_returns_extras_and_transfers" time="0.690" /><testcase classname="backend.tests.test_proposal_extras_intercity.TestProposalExtrasAndInterCityTransfers" name="test_full_proposal_with_all_fields" time="0.627" /><testcase classname="backend.tests.test_proposal_extras_intercity.TestExistingProposalRetrieval" name="test_get_existing_proposal" time="0.168" /></testsuite></testsuites>