<?xml version="1.0" encoding="utf-8"?><testsuites name="pytest tests"><testsuite name="pytest" errors="0" failures="0" skipped="0" tests="12" time="1.954" timestamp="2026-03-24T18:30:04.414610+00:00" hostname="agent-env-258e3df4-9316-444e-875c-6422748f6183"><testcase classname="backend.tests.test_proposal_view_hydration.TestProposalViewHydration" name="test_get_proposal_returns_200" time="0.232" /><testcase classname="backend.tests.test_proposal_view_hydration.TestProposalViewHydration" name="test_proposal_has_selected_hotels" time="0.129" /><testcase classname="backend.tests.test_proposal_view_hydration.TestProposalViewHydration" name="test_hotel_key_format_cityname_index" time="0.134" /><testcase classname="backend.tests.test_proposal_view_hydration.TestProposalViewHydration" name="test_hotel_has_required_fields" time="0.168" /><testcase classname="backend.tests.test_proposal_view_hydration.TestProposalViewHydration" name="test_proposal_has_selected_activities" time="0.125" /><testcase classname="backend.tests.test_proposal_view_hydration.TestProposalViewHydration" name="test_activity_key_format_cityname_day" time="0.125" /><testcase classname="backend.tests.test_proposal_view_hydration.TestProposalViewHydration" name="test_activity_has_required_fields" time="0.261" /><testcase classname="backend.tests.test_proposal_view_hydration.TestProposalViewHydration" name="test_proposal_has_arrival_transfer" time="0.120" /><testcase classname="backend.tests.test_proposal_view_hydration.TestProposalViewHydration" name="test_proposal_has_departure_transfer" time="0.197" /><testcase classname="backend.tests.test_proposal_view_hydration.TestProposalViewHydration" name="test_proposal_has_cities" time="0.106" /><testcase classname="backend.tests.test_proposal_view_hydration.TestProposalViewHydration" name="test_proposal_has_inter_city_transfers" time="0.136" /><testcase classname="backend.tests.test_proposal_view_hydration.TestProposalNotFound" name="test_get_nonexistent_proposal_returns_404" time="0.114" /></testsuite></testsuites>