<?xml version="1.0" encoding="utf-8"?><testsuites name="pytest tests"><testsuite name="pytest" errors="0" failures="0" skipped="0" tests="5" time="2.603" timestamp="2026-03-14T12:51:26.521707+00:00" hostname="agent-env-5f6a8aaa-0068-4f19-8a8e-6a699de8c061"><testcase classname="tests.test_recommended_feature.TestRecommendedFeature" name="test_get_hotels_returns_recommended_field" time="0.209" /><testcase classname="tests.test_recommended_feature.TestRecommendedFeature" name="test_create_hotel_with_recommended" time="0.586" /><testcase classname="tests.test_recommended_feature.TestRecommendedFeature" name="test_update_hotel_recommended_flag" time="0.619" /><testcase classname="tests.test_recommended_feature.TestRecommendedFeature" name="test_recommended_hotels_sorted_first" time="0.574" /><testcase classname="tests.test_recommended_feature.TestRecommendedFeature" name="test_hotel_with_recommended_room_types" time="0.558" /></testsuite></testsuites>