<?xml version="1.0" encoding="utf-8"?><testsuites name="pytest tests"><testsuite name="pytest" errors="0" failures="0" skipped="0" tests="6" time="2.854" timestamp="2026-03-10T17:10:11.811075+00:00" hostname="agent-env-7f6f33a1-571c-4de7-9c64-89d210279e53"><testcase classname="backend.tests.test_save_proposal.TestSaveProposalAPI" name="test_create_proposal_with_customer_details" time="0.764" /><testcase classname="backend.tests.test_save_proposal.TestSaveProposalAPI" name="test_get_proposal_includes_customer_details" time="0.751" /><testcase classname="backend.tests.test_save_proposal.TestSaveProposalAPI" name="test_proposal_required_fields_validation" time="0.301" /><testcase classname="backend.tests.test_save_proposal.TestSaveProposalAPI" name="test_proposal_with_hotels_and_activities" time="0.647" /><testcase classname="backend.tests.test_save_proposal.TestAirportsAPI" name="test_airport_search_dxb" time="0.110" /><testcase classname="backend.tests.test_save_proposal.TestAirportsAPI" name="test_airport_search_dubai" time="0.113" /></testsuite></testsuites>