<?xml version="1.0" encoding="utf-8"?><testsuites name="pytest tests"><testsuite name="pytest" errors="0" failures="0" skipped="0" tests="13" time="10.565" timestamp="2026-05-19T19:01:53.118526+00:00" hostname="agent-env-4c12d88e-ea39-466d-bc76-241fc3ef04ad"><testcase classname="backend.tests.test_stripe_payments.TestStripeCheckoutAuth" name="test_checkout_requires_auth" time="3.170" /><testcase classname="backend.tests.test_stripe_payments.TestStripeCheckoutAuth" name="test_checkout_unknown_proposal_404" time="0.138" /><testcase classname="backend.tests.test_stripe_payments.TestStripeCheckoutAmount" name="test_full_payment_amount_matches_proposal_total" time="1.934" /><testcase classname="backend.tests.test_stripe_payments.TestStripeCheckoutAmount" name="test_partial_payment_with_custom_amount" time="0.585" /><testcase classname="backend.tests.test_stripe_payments.TestStripeCheckoutAmount" name="test_partial_payment_defaults_to_25_percent" time="0.522" /><testcase classname="backend.tests.test_stripe_payments.TestStripeStatus" name="test_status_unknown_session_returns_error_or_400" time="0.328" /><testcase classname="backend.tests.test_stripe_payments.TestStripeStatus" name="test_unpaid_status_does_not_create_booking" time="1.628" /><testcase classname="backend.tests.test_stripe_payments.TestStripeWebhook" name="test_webhook_route_exists" time="0.134" /><testcase classname="backend.tests.test_stripe_payments.TestLegacyBookingFlow" name="test_bookings_requires_auth" time="0.105" /><testcase classname="backend.tests.test_stripe_payments.TestLegacyBookingFlow" name="test_bookings_create_and_idempotent" time="0.277" /><testcase classname="backend.tests.test_stripe_payments.TestLegacyBookingFlow" name="test_bookings_list_visible_to_admin" time="0.480" /><testcase classname="backend.tests.test_stripe_payments.TestLegacyBookingFlow" name="test_held_bookings_list" time="0.126" /><testcase classname="backend.tests.test_stripe_payments.TestCouponUnpaidNoRedemption" name="test_unpaid_session_does_not_increment_coupon" time="1.072" /></testsuite></testsuites>