<?xml version="1.0" encoding="utf-8"?><testsuites name="pytest tests"><testsuite name="pytest" errors="0" failures="0" skipped="0" tests="15" time="3.620" timestamp="2026-03-02T17:01:55.316720+00:00" hostname="agent-env-4e742976-d1ad-409d-803c-2c393dfd027b"><testcase classname="backend.tests.test_supplier.TestSupplierDashboard" name="test_get_supplier_dashboard_emirates" time="0.200" /><testcase classname="backend.tests.test_supplier.TestSupplierDashboard" name="test_get_supplier_dashboard_georgia" time="0.155" /><testcase classname="backend.tests.test_supplier.TestSupplierDashboard" name="test_get_supplier_dashboard_unknown" time="0.126" /><testcase classname="backend.tests.test_supplier.TestSupplierTransfers" name="test_get_supplier_transfers" time="0.123" /><testcase classname="backend.tests.test_supplier.TestSupplierTransfers" name="test_update_supplier_transfer" time="0.429" /><testcase classname="backend.tests.test_supplier.TestSupplierTransfers" name="test_update_transfer_unauthorized" time="0.235" /><testcase classname="backend.tests.test_supplier.TestSupplierBookings" name="test_get_supplier_bookings_empty" time="0.161" /><testcase classname="backend.tests.test_supplier.TestSupplierBookings" name="test_get_supplier_bookings_with_status_filter" time="0.432" /><testcase classname="backend.tests.test_supplier.TestSupplierBookings" name="test_create_sample_bookings" time="0.162" /><testcase classname="backend.tests.test_supplier.TestSupplierBookingStatusUpdates" name="test_accept_booking" time="0.379" /><testcase classname="backend.tests.test_supplier.TestSupplierBookingStatusUpdates" name="test_reject_booking" time="0.336" /><testcase classname="backend.tests.test_supplier.TestSupplierBookingStatusUpdates" name="test_complete_booking" time="0.253" /><testcase classname="backend.tests.test_supplier.TestSupplierBookingStatusUpdates" name="test_invalid_status_update" time="0.234" /><testcase classname="backend.tests.test_supplier.TestSupplierEarnings" name="test_get_supplier_earnings" time="0.107" /><testcase classname="backend.tests.test_supplier.TestSupplierEarnings" name="test_earnings_by_transfer_breakdown" time="0.231" /></testsuite></testsuites>