<?xml version="1.0" encoding="utf-8"?><testsuites name="pytest tests"><testsuite name="pytest" errors="0" failures="0" skipped="0" tests="15" time="39.155" timestamp="2026-03-08T10:29:42.374129+00:00" hostname="agent-env-fe65001c-547b-4b5c-821f-c5f521978b2e"><testcase classname="backend.tests.test_terms_policies.TestTermsPoliciesAPI" name="test_get_all_terms_policies" time="12.409" /><testcase classname="backend.tests.test_terms_policies.TestTermsPoliciesAPI" name="test_get_terms_with_active_filter" time="12.368" /><testcase classname="backend.tests.test_terms_policies.TestTermsPoliciesAPI" name="test_get_terms_by_city" time="0.166" /><testcase classname="backend.tests.test_terms_policies.TestTermsPoliciesAPI" name="test_get_terms_by_country" time="0.140" /><testcase classname="backend.tests.test_terms_policies.TestTermsPoliciesAPI" name="test_terms_ordering" time="0.099" /><testcase classname="backend.tests.test_terms_policies.TestTermsPoliciesAPI" name="test_term_structure" time="0.100" /><testcase classname="backend.tests.test_terms_policies.TestTermsPoliciesAPI" name="test_term_sub_sections" time="0.116" /><testcase classname="backend.tests.test_terms_policies.TestTermsPoliciesAPI" name="test_get_all_terms_admin" time="0.103" /><testcase classname="backend.tests.test_terms_policies.TestTermsPoliciesAPI" name="test_get_term_by_id" time="0.212" /><testcase classname="backend.tests.test_terms_policies.TestTermsPoliciesAPI" name="test_get_nonexistent_term" time="0.103" /><testcase classname="backend.tests.test_terms_policies.TestTermsPoliciesAPI" name="test_get_categories_list" time="0.110" /><testcase classname="backend.tests.test_terms_policies.TestTermsPoliciesAPI" name="test_get_countries_list" time="0.106" /><testcase classname="backend.tests.test_terms_policies.TestDeleteProposalAPI" name="test_delete_proposal_requires_auth" time="11.823" /><testcase classname="backend.tests.test_terms_policies.TestDeleteProposalAPI" name="test_delete_nonexistent_proposal" time="0.475" /><testcase classname="backend.tests.test_terms_policies.TestDeleteProposalAPI" name="test_create_and_delete_proposal" time="0.649" /></testsuite></testsuites>