<?xml version="1.0" encoding="utf-8"?><testsuites name="pytest tests"><testsuite name="pytest" errors="0" failures="0" skipped="0" tests="9" time="1.350" timestamp="2026-03-02T17:29:51.550565+00:00" hostname="agent-env-4e742976-d1ad-409d-803c-2c393dfd027b"><testcase classname="backend.tests.test_transfer_selection.TestTransferFiltering" name="test_get_all_transfers" time="0.184" /><testcase classname="backend.tests.test_transfer_selection.TestTransferFiltering" name="test_filter_transfers_by_dubai" time="0.161" /><testcase classname="backend.tests.test_transfer_selection.TestTransferFiltering" name="test_filter_transfers_by_tbilisi" time="0.119" /><testcase classname="backend.tests.test_transfer_selection.TestTransferFiltering" name="test_filter_transfers_by_nonexistent_city" time="0.106" /><testcase classname="backend.tests.test_transfer_selection.TestTransferDetails" name="test_transfer_has_required_fields" time="0.123" /><testcase classname="backend.tests.test_transfer_selection.TestTransferDetails" name="test_dubai_transfer_types" time="0.128" /><testcase classname="backend.tests.test_transfer_selection.TestCityEndpoint" name="test_search_city_dubai" time="0.180" /><testcase classname="backend.tests.test_transfer_selection.TestTransferSearchEndpoint" name="test_search_transfers_by_title" time="0.101" /><testcase classname="backend.tests.test_transfer_selection.TestTransferSearchEndpoint" name="test_combined_city_and_search_filter" time="0.176" /></testsuite></testsuites>