<?xml version="1.0" encoding="utf-8"?><testsuites name="pytest tests"><testsuite name="pytest" errors="0" failures="0" skipped="0" tests="17" time="2.835" timestamp="2026-03-02T11:59:30.473505+00:00" hostname="agent-env-4e742976-d1ad-409d-803c-2c393dfd027b"><testcase classname="backend.tests.test_transfers.TestTransfersCRUD" name="test_get_all_transfers_success" time="0.183" /><testcase classname="backend.tests.test_transfers.TestTransfersCRUD" name="test_get_transfers_with_city_filter" time="0.133" /><testcase classname="backend.tests.test_transfers.TestTransfersCRUD" name="test_get_transfers_with_search_filter" time="0.137" /><testcase classname="backend.tests.test_transfers.TestTransfersCRUD" name="test_seeded_transfers_have_required_fields" time="0.099" /><testcase classname="backend.tests.test_transfers.TestTransfersCRUD" name="test_transfer_types_are_valid" time="0.106" /><testcase classname="backend.tests.test_transfers.TestTransfersCRUD" name="test_create_transfer_success" time="0.217" /><testcase classname="backend.tests.test_transfers.TestTransfersCRUD" name="test_create_transfer_with_all_fields" time="0.201" /><testcase classname="backend.tests.test_transfers.TestTransfersCRUD" name="test_create_shared_transfer_type" time="0.194" /><testcase classname="backend.tests.test_transfers.TestTransfersCRUD" name="test_get_transfer_by_id_success" time="0.201" /><testcase classname="backend.tests.test_transfers.TestTransfersCRUD" name="test_get_transfer_by_id_not_found" time="0.157" /><testcase classname="backend.tests.test_transfers.TestTransfersCRUD" name="test_update_transfer_success" time="0.266" /><testcase classname="backend.tests.test_transfers.TestTransfersCRUD" name="test_update_transfer_not_found" time="0.106" /><testcase classname="backend.tests.test_transfers.TestTransfersCRUD" name="test_delete_transfer_success" time="0.203" /><testcase classname="backend.tests.test_transfers.TestTransfersCRUD" name="test_delete_transfer_not_found" time="0.102" /><testcase classname="backend.tests.test_transfers.TestTransfersDataIntegrity" name="test_transfer_price_is_numeric" time="0.092" /><testcase classname="backend.tests.test_transfers.TestTransfersDataIntegrity" name="test_create_transfer_with_zero_price" time="0.154" /><testcase classname="backend.tests.test_transfers.TestTransfersDataIntegrity" name="test_seeded_data_count" time="0.105" /></testsuite></testsuites>