<?xml version="1.0" encoding="utf-8"?><testsuites name="pytest tests"><testsuite name="pytest" errors="0" failures="0" skipped="0" tests="12" time="2.975" timestamp="2026-03-26T16:19:36.106568+00:00" hostname="agent-env-d2fc2e31-ddec-4192-a8c1-0a70a57fc0b1"><testcase classname="backend.tests.test_transfer_image_pdf.TestTransferImageURLs" name="test_get_transfer_returns_relative_image_path" time="0.388" /><testcase classname="backend.tests.test_transfer_image_pdf.TestTransferImageURLs" name="test_transfer_image_is_accessible" time="0.415" /><testcase classname="backend.tests.test_transfer_image_pdf.TestPDFGeneration" name="test_pdf_endpoint_returns_valid_pdf" time="0.405" /><testcase classname="backend.tests.test_transfer_image_pdf.TestPDFGeneration" name="test_pdf_has_correct_filename" time="0.173" /><testcase classname="backend.tests.test_transfer_image_pdf.TestPDFGeneration" name="test_proposal_has_multi_city_hotels" time="0.183" /><testcase classname="backend.tests.test_transfer_image_pdf.TestPDFGeneration" name="test_proposal_hotels_have_correct_names" time="0.210" /><testcase classname="backend.tests.test_transfer_image_pdf.TestTransferDetailEndpoint" name="test_get_transfer_by_id" time="0.240" /><testcase classname="backend.tests.test_transfer_image_pdf.TestTransferDetailEndpoint" name="test_get_transfer_returns_description" time="0.278" /><testcase classname="backend.tests.test_transfer_image_pdf.TestTransferDetailEndpoint" name="test_get_transfer_returns_highlights" time="0.234" /><testcase classname="backend.tests.test_transfer_image_pdf.TestTransferDetailEndpoint" name="test_get_nonexistent_transfer_returns_404" time="0.132" /><testcase classname="backend.tests.test_transfer_image_pdf.TestProposalTransferData" name="test_proposal_has_arrival_transfer" time="0.115" /><testcase classname="backend.tests.test_transfer_image_pdf.TestProposalTransferData" name="test_proposal_has_departure_transfer" time="0.139" /></testsuite></testsuites>