<?xml version="1.0" encoding="utf-8"?><testsuites name="pytest tests"><testsuite name="pytest" errors="0" failures="0" skipped="0" tests="6" time="4.611" timestamp="2026-03-13T20:13:04.835192+00:00" hostname="agent-env-34ca48f8-60e7-4a41-92a2-afeece0dc638"><testcase classname="backend.tests.test_travel_insurance.TestTravelInsuranceBackend" name="test_create_proposal_with_travel_insurance_true" time="0.737" /><testcase classname="backend.tests.test_travel_insurance.TestTravelInsuranceBackend" name="test_create_proposal_with_travel_insurance_false" time="0.713" /><testcase classname="backend.tests.test_travel_insurance.TestTravelInsuranceBackend" name="test_create_proposal_without_travel_insurance" time="0.618" /><testcase classname="backend.tests.test_travel_insurance.TestTravelInsuranceBackend" name="test_update_proposal_travel_insurance" time="0.644" /><testcase classname="backend.tests.test_travel_insurance.TestTravelInsuranceBackend" name="test_pdf_generation_with_insurance_included" time="1.211" /><testcase classname="backend.tests.test_travel_insurance.TestTravelInsuranceBackend" name="test_pdf_generation_without_insurance" time="0.583" /></testsuite></testsuites>