<?xml version="1.0" encoding="utf-8"?><testsuites name="pytest tests"><testsuite name="pytest" errors="0" failures="1" skipped="0" tests="24" time="7.848" timestamp="2026-04-01T17:24:27.132533+00:00" hostname="agent-env-d2fc2e31-ddec-4192-a8c1-0a70a57fc0b1"><testcase classname="tests.test_wallet_system.TestWalletAuth" name="test_agent_login_success" time="0.401" /><testcase classname="tests.test_wallet_system.TestWalletAuth" name="test_admin_login_success" time="0.341"><failure message="AssertionError: assert None in ('admin', 'staff')&#10; +  where None = &lt;built-in method get of dict object at 0xfb378fd09f80&gt;('role')&#10; +    where &lt;built-in method get of dict object at 0xfb378fd09f80&gt; = {'company_name': 'Travo DMC', 'email': 'testadmin@example.com', 'full_name': 'Test Admin', 'id': '270e824b-aa9e-4c15-a02d-a2bec938709c', ...}.get">tests/test_wallet_system.py:72: in test_admin_login_success
    assert data["user"].get("role") in ("admin", "staff")
E   AssertionError: assert None in ('admin', 'staff')
E    +  where None = &lt;built-in method get of dict object at 0xfb378fd09f80&gt;('role')
E    +    where &lt;built-in method get of dict object at 0xfb378fd09f80&gt; = {'company_name': 'Travo DMC', 'email': 'testadmin@example.com', 'full_name': 'Test Admin', 'id': '270e824b-aa9e-4c15-a02d-a2bec938709c', ...}.get</failure></testcase><testcase classname="tests.test_wallet_system.TestAgentWallet" name="test_get_my_wallet" time="0.457" /><testcase classname="tests.test_wallet_system.TestAgentWallet" name="test_get_my_transactions" time="0.120" /><testcase classname="tests.test_wallet_system.TestAgentWallet" name="test_get_my_payment_proofs" time="0.109" /><testcase classname="tests.test_wallet_system.TestAgentWallet" name="test_agent_cannot_access_all_wallets" time="0.115" /><testcase classname="tests.test_wallet_system.TestAgentWallet" name="test_agent_cannot_topup" time="0.131" /><testcase classname="tests.test_wallet_system.TestAgentWallet" name="test_agent_cannot_refund" time="0.150" /><testcase classname="tests.test_wallet_system.TestAdminWalletOperations" name="test_admin_get_all_wallets" time="0.445" /><testcase classname="tests.test_wallet_system.TestAdminWalletOperations" name="test_admin_get_all_payment_proofs" time="0.140" /><testcase classname="tests.test_wallet_system.TestAdminWalletOperations" name="test_admin_topup_wallet" time="0.385" /><testcase classname="tests.test_wallet_system.TestAdminWalletOperations" name="test_admin_refund_wallet" time="0.246" /><testcase classname="tests.test_wallet_system.TestAdminWalletOperations" name="test_admin_get_user_transactions" time="0.102" /><testcase classname="tests.test_wallet_system.TestDebitWallet" name="test_debit_with_sufficient_balance" time="0.666" /><testcase classname="tests.test_wallet_system.TestDebitWallet" name="test_debit_insufficient_balance" time="0.623" /><testcase classname="tests.test_wallet_system.TestDebitWallet" name="test_debit_invalid_amount" time="0.100" /><testcase classname="tests.test_wallet_system.TestPaymentProofWorkflow" name="test_upload_payment_proof" time="0.476" /><testcase classname="tests.test_wallet_system.TestPaymentProofWorkflow" name="test_approve_payment_proof_credits_wallet" time="0.825" /><testcase classname="tests.test_wallet_system.TestPaymentProofWorkflow" name="test_reject_payment_proof" time="0.548" /><testcase classname="tests.test_wallet_system.TestPaymentProofWorkflow" name="test_invalid_review_action" time="0.113" /><testcase classname="tests.test_wallet_system.TestStatements" name="test_admin_upload_statement" time="0.454" /><testcase classname="tests.test_wallet_system.TestStatements" name="test_admin_get_statements" time="0.129" /><testcase classname="tests.test_wallet_system.TestStatements" name="test_agent_cannot_upload_statement" time="0.502" /><testcase classname="tests.test_wallet_system.TestStatements" name="test_agent_cannot_get_statements" time="0.190" /></testsuite></testsuites>